<?xml version="1.0" encoding="UTF-8"?>
<testsuite xmlns:xsi="http://www.w3.org/2001/XMLSchema-instance" xsi:noNamespaceSchemaLocation="https://maven.apache.org/surefire/maven-surefire-plugin/xsd/surefire-test-report.xsd" name="org.example.TestRunner.TestRunner" time="637.346" tests="19" errors="0" skipped="0" failures="3">
  <properties>
[...]
</properties>
  <testcase name="runScenario" classname="org.example.TestRunner.TestRunner" time="90.044"/>
  <testcase name="runScenario" classname="org.example.TestRunner.TestRunner" time="30.713"/>
  <testcase name="runScenario" classname="org.example.TestRunner.TestRunner" time="25.98"/>
  <testcase name="runScenario" classname="org.example.TestRunner.TestRunner" time="21.197"/>
  <testcase name="runScenario" classname="org.example.TestRunner.TestRunner" time="22.938"/>
  <testcase name="runScenario" classname="org.example.TestRunner.TestRunner" time="24.073"/>
  <testcase name="runScenario" classname="org.example.TestRunner.TestRunner" time="22.155"/>
  <testcase name="runScenario" classname="org.example.TestRunner.TestRunner" time="27.391"/>
  <testcase name="runScenario" classname="org.example.TestRunner.TestRunner" time="29.604"/>
  <testcase name="runScenario" classname="org.example.TestRunner.TestRunner" time="32.621"/>
  <testcase name="runScenario" classname="org.example.TestRunner.TestRunner" time="31.101"/>
  <testcase name="runScenario" classname="org.example.TestRunner.TestRunner" time="15.338">
    <failure message="Error: Slider 1 didn&apos;t navigate to expected URL (Nokia) expected [true] but found [false]" type="java.lang.AssertionError">java.lang.AssertionError: Error: Slider 1 didn't navigate to expected URL (Nokia) expected [true] but found [false]
</failure>
    <system-err><![CDATA[Starting ChromeDriver 102.0.5005.61 (0e59bcc00cc4985ce39ad31c150065f159d95ad3-refs/branch-heads/5005@{#819}) on port 50012
Only local connections are allowed.
Please see https://chromedriver.chromium.org/security-considerations for suggestions on keeping ChromeDriver safe.
ChromeDriver was started successfully.
Jun 18, 2022 12:56:34 PM org.openqa.selenium.remote.ProtocolHandshake createSession
INFO: Detected upstream dialect: W3C
Jun 18, 2022 12:56:34 PM org.openqa.selenium.devtools.CdpVersionFinder findNearestMatch
INFO: Found exact CDP implementation for version 102
]]></system-err>
  </testcase>
  <testcase name="runScenario" classname="org.example.TestRunner.TestRunner" time="17.693">
    <failure message="Error: Slider 2 didn&apos;t navigate to expected URL (iphone 6) expected [true] but found [false]" type="java.lang.AssertionError">java.lang.AssertionError: Error: Slider 2 didn't navigate to expected URL (iphone 6) expected [true] but found [false]
</failure>
    <system-err><![CDATA[Starting ChromeDriver 102.0.5005.61 (0e59bcc00cc4985ce39ad31c150065f159d95ad3-refs/branch-heads/5005@{#819}) on port 58322
Only local connections are allowed.
Please see https://chromedriver.chromium.org/security-considerations for suggestions on keeping ChromeDriver safe.
ChromeDriver was started successfully.
Jun 18, 2022 12:56:49 PM org.openqa.selenium.remote.ProtocolHandshake createSession
INFO: Detected upstream dialect: W3C
Jun 18, 2022 12:56:49 PM org.openqa.selenium.devtools.CdpVersionFinder findNearestMatch
INFO: Found exact CDP implementation for version 102
]]></system-err>
  </testcase>
  <testcase name="runScenario" classname="org.example.TestRunner.TestRunner" time="77.605"/>
  <testcase name="runScenario" classname="org.example.TestRunner.TestRunner" time="28.873"/>
  <testcase name="runScenario" classname="org.example.TestRunner.TestRunner" time="14.521">
    <failure message="Error: 3rd Social Link didn&apos;t open a new tab expected [true] but found [false]" type="java.lang.AssertionError">java.lang.AssertionError: Error: 3rd Social Link didn't open a new tab expected [true] but found [false]
</failure>
    <system-err><![CDATA[Starting ChromeDriver 102.0.5005.61 (0e59bcc00cc4985ce39ad31c150065f159d95ad3-refs/branch-heads/5005@{#819}) on port 59069
Only local connections are allowed.
Please see https://chromedriver.chromium.org/security-considerations for suggestions on keeping ChromeDriver safe.
ChromeDriver was started successfully.
Jun 18, 2022 12:58:54 PM org.openqa.selenium.remote.ProtocolHandshake createSession
INFO: Detected upstream dialect: W3C
Jun 18, 2022 12:58:54 PM org.openqa.selenium.devtools.CdpVersionFinder findNearestMatch
INFO: Found exact CDP implementation for version 102
]]></system-err>
  </testcase>
  <testcase name="runScenario" classname="org.example.TestRunner.TestRunner" time="85.698"/>
  <testcase name="runScenario" classname="org.example.TestRunner.TestRunner" time="13.964"/>
  <testcase name="runScenario" classname="org.example.TestRunner.TestRunner" time="16.679"/>
</testsuite>